<?xml version="1.0" encoding="utf-8"?>
<CatapultTargetOutput
  GeneratedTarget="/Output/valzh/PDF/PDF.pdf"
  BuildVersion="16.2.7685.28170">
  <Files>
    <Url
      Source="Output/valzh/PDF/PDF.pdf" />
    <Url
      Source="Output/valzh/Temporary/PDF/PDF_206C94C3/_Images/2.jpg" />
    <Url
      Source="Output/valzh/Temporary/PDF/PDF_206C94C3/_Images/Wino1.jpg" />
    <Url
      Source="Output/valzh/Temporary/PDF/PDF_206C94C3/ZZ Resources/WinoAdv.css" />
    <Url
      Source="Output/valzh/Temporary/PDF/PDF_206C94C3/_Images/wino_biale_i_czerwone.jpg" />
    <Url
      Source="Output/valzh/Temporary/PDF/PDF_206C94C3/_Images/25.jpg" />
    <Url
      Source="Output/valzh/Temporary/PDF/PDF_206C94C3/_Images/5.jpg" />
  </Files>
  <Skins />
</CatapultTargetOutput>